0 info it worked if it ends with ok
1 verbose cli [ '/usr/local/bin/node',
1 verbose cli   '/usr/local/bin/npm',
1 verbose cli   'install',
1 verbose cli   '-g',
1 verbose cli   'grunt' ]
2 info using npm@2.14.7
3 info using node@v4.2.1
4 verbose install initial load of /usr/local/lib/package.json
5 verbose readDependencies loading dependencies from /usr/local/lib/package.json
6 silly cache add args [ 'grunt', null ]
7 verbose cache add spec grunt
8 silly cache add parsed spec Result {
8 silly cache add   raw: 'grunt',
8 silly cache add   scope: null,
8 silly cache add   name: 'grunt',
8 silly cache add   rawSpec: '',
8 silly cache add   spec: '*',
8 silly cache add   type: 'range' }
9 silly addNamed grunt@*
10 verbose addNamed "*" is a valid semver range for grunt
11 silly addNameRange { name: 'grunt', range: '*', hasData: false }
12 silly mapToRegistry name grunt
13 silly mapToRegistry using default registry
14 silly mapToRegistry registry https://registry.npmjs.org/
15 silly mapToRegistry uri https://registry.npmjs.org/grunt
16 verbose addNameRange registry:https://registry.npmjs.org/grunt not in flight; fetching
17 verbose request uri https://registry.npmjs.org/grunt
18 verbose request no auth needed
19 info attempt registry request try #1 at 1:54:48 PM
20 verbose request id bb32a158977ae1c8
21 verbose etag W/"58881d01-188d8"
22 verbose lastModified Wed, 25 Jan 2017 03:35:29 GMT
23 http request GET https://registry.npmjs.org/grunt
24 http 304 https://registry.npmjs.org/grunt
25 verbose headers { date: 'Sun, 29 Jan 2017 18:54:48 GMT',
25 verbose headers   via: '1.1 varnish',
25 verbose headers   'cache-control': 'max-age=300',
25 verbose headers   etag: 'W/"58881d01-188d8"',
25 verbose headers   age: '30',
25 verbose headers   connection: 'keep-alive',
25 verbose headers   'x-served-by': 'cache-iad2146-IAD',
25 verbose headers   'x-cache': 'HIT',
25 verbose headers   'x-cache-hits': '1',
25 verbose headers   'x-timer': 'S1485716088.277758,VS0,VE0',
25 verbose headers   vary: 'Accept-Encoding' }
26 silly get cb [ 304,
26 silly get   { date: 'Sun, 29 Jan 2017 18:54:48 GMT',
26 silly get     via: '1.1 varnish',
26 silly get     'cache-control': 'max-age=300',
26 silly get     etag: 'W/"58881d01-188d8"',
26 silly get     age: '30',
26 silly get     connection: 'keep-alive',
26 silly get     'x-served-by': 'cache-iad2146-IAD',
26 silly get     'x-cache': 'HIT',
26 silly get     'x-cache-hits': '1',
26 silly get     'x-timer': 'S1485716088.277758,VS0,VE0',
26 silly get     vary: 'Accept-Encoding' } ]
27 verbose etag https://registry.npmjs.org/grunt from cache
28 verbose get saving grunt to /Users/ben/.npm/registry.npmjs.org/grunt/.cache.json
29 silly addNameRange number 2 { name: 'grunt', range: '*', hasData: true }
30 silly addNameRange versions [ 'grunt',
30 silly addNameRange   [ '0.1.0',
30 silly addNameRange     '0.1.1',
30 silly addNameRange     '0.1.2',
30 silly addNameRange     '0.2.0',
30 silly addNameRange     '0.2.1',
30 silly addNameRange     '0.2.2',
30 silly addNameRange     '0.2.3',
30 silly addNameRange     '0.2.4',
30 silly addNameRange     '0.2.5',
30 silly addNameRange     '0.2.6',
30 silly addNameRange     '0.2.7',
30 silly addNameRange     '0.2.8',
30 silly addNameRange     '0.2.9',
30 silly addNameRange     '0.2.10',
30 silly addNameRange     '0.2.11',
30 silly addNameRange     '0.2.12',
30 silly addNameRange     '0.2.13',
30 silly addNameRange     '0.2.14',
30 silly addNameRange     '0.2.15',
30 silly addNameRange     '0.3.0',
30 silly addNameRange     '0.3.1',
30 silly addNameRange     '0.3.2',
30 silly addNameRange     '0.3.3',
30 silly addNameRange     '0.3.4',
30 silly addNameRange     '0.3.5',
30 silly addNameRange     '0.3.6',
30 silly addNameRange     '0.3.7',
30 silly addNameRange     '0.3.8',
30 silly addNameRange     '0.3.9',
30 silly addNameRange     '0.3.10',
30 silly addNameRange     '0.3.11',
30 silly addNameRange     '0.3.12',
30 silly addNameRange     '0.3.13',
30 silly addNameRange     '0.3.14',
30 silly addNameRange     '0.3.15',
30 silly addNameRange     '0.3.16',
30 silly addNameRange     '0.3.17',
30 silly addNameRange     '0.4.0',
30 silly addNameRange     '0.4.1',
30 silly addNameRange     '0.4.2',
30 silly addNameRange     '0.4.3',
30 silly addNameRange     '0.4.4',
30 silly addNameRange     '0.4.5',
30 silly addNameRange     '1.0.0-rc1',
30 silly addNameRange     '1.0.0',
30 silly addNameRange     '1.0.1',
30 silly addNameRange     '0.3.13-a',
30 silly addNameRange     '0.4.0-a',
30 silly addNameRange     '0.4.0-rc1',
30 silly addNameRange     '0.4.0-rc2',
30 silly addNameRange     '0.4.0-rc3',
30 silly addNameRange     '0.4.0-rc4',
30 silly addNameRange     '0.4.0-rc5',
30 silly addNameRange     '0.4.0-rc6',
30 silly addNameRange     '0.4.0-rc7',
30 silly addNameRange     '0.4.0-rc8' ] ]
31 silly addNamed grunt@1.0.1
32 verbose addNamed "1.0.1" is a plain semver version for grunt
33 silly cache afterAdd grunt@1.0.1
34 verbose afterAdd /Users/ben/.npm/grunt/1.0.1/package/package.json not in flight; writing
35 verbose afterAdd /Users/ben/.npm/grunt/1.0.1/package/package.json written
36 silly install resolved [ { name: 'grunt',
36 silly install resolved     description: 'The JavaScript Task Runner',
36 silly install resolved     version: '1.0.1',
36 silly install resolved     author:
36 silly install resolved      { name: 'Grunt Development Team',
36 silly install resolved        url: 'http://gruntjs.com/development-team' },
36 silly install resolved     homepage: 'http://gruntjs.com/',
36 silly install resolved     repository: { type: 'git', url: 'git+https://github.com/gruntjs/grunt.git' },
36 silly install resolved     license: 'MIT',
36 silly install resolved     engines: { node: '>=0.10.0' },
36 silly install resolved     scripts: { test: 'grunt test', 'test-tap': 'grunt test:tap' },
36 silly install resolved     main: 'lib/grunt',
36 silly install resolved     bin: { grunt: 'bin/grunt' },
36 silly install resolved     keywords:
36 silly install resolved      [ 'task',
36 silly install resolved        'async',
36 silly install resolved        'cli',
36 silly install resolved        'minify',
36 silly install resolved        'uglify',
36 silly install resolved        'build',
36 silly install resolved        'lodash',
36 silly install resolved        'unit',
36 silly install resolved        'test',
36 silly install resolved        'qunit',
36 silly install resolved        'nodeunit',
36 silly install resolved        'server',
36 silly install resolved        'init',
36 silly install resolved        'scaffold',
36 silly install resolved        'make',
36 silly install resolved        'jake',
36 silly install resolved        'tool' ],
36 silly install resolved     dependencies:
36 silly install resolved      { 'coffee-script': '~1.10.0',
36 silly install resolved        dateformat: '~1.0.12',
36 silly install resolved        eventemitter2: '~0.4.13',
36 silly install resolved        exit: '~0.1.1',
36 silly install resolved        'findup-sync': '~0.3.0',
36 silly install resolved        glob: '~7.0.0',
36 silly install resolved        'grunt-cli': '~1.2.0',
36 silly install resolved        'grunt-known-options': '~1.1.0',
36 silly install resolved        'grunt-legacy-log': '~1.0.0',
36 silly install resolved        'grunt-legacy-util': '~1.0.0',
36 silly install resolved        'iconv-lite': '~0.4.13',
36 silly install resolved        'js-yaml': '~3.5.2',
36 silly install resolved        minimatch: '~3.0.0',
36 silly install resolved        nopt: '~3.0.6',
36 silly install resolved        'path-is-absolute': '~1.0.0',
36 silly install resolved        rimraf: '~2.2.8' },
36 silly install resolved     devDependencies:
36 silly install resolved      { difflet: '~0.2.3',
36 silly install resolved        'grunt-contrib-jshint': '~1.0.0',
36 silly install resolved        'grunt-contrib-nodeunit': '~0.4.1',
36 silly install resolved        'grunt-contrib-watch': '~1.0.0',
36 silly install resolved        'grunt-jscs': '~2.8.0',
36 silly install resolved        semver: '2.1.0',
36 silly install resolved        shelljs: '~0.5.3',
36 silly install resolved        temporary: '~0.0.4',
36 silly install resolved        through2: '~2.0.0' },
36 silly install resolved     files: [ 'lib', 'bin' ],
36 silly install resolved     contributors: [ [Object], [Object], [Object], [Object], [Object] ],
36 silly install resolved     gitHead: '8ada4948b69c6ec9b1e956b5e6b2e6814fa054ca',
36 silly install resolved     bugs: { url: 'https://github.com/gruntjs/grunt/issues' },
36 silly install resolved     _id: 'grunt@1.0.1',
36 silly install resolved     _shasum: 'e8778764e944b18f32bb0f10b9078475c9dfb56b',
36 silly install resolved     _from: 'grunt@*',
36 silly install resolved     _npmVersion: '2.15.2',
36 silly install resolved     _nodeVersion: '4.4.1',
36 silly install resolved     _npmUser: { name: 'shama', email: 'kyle@dontkry.com' },
36 silly install resolved     maintainers: [ [Object], [Object], [Object], [Object] ],
36 silly install resolved     dist:
36 silly install resolved      { shasum: 'e8778764e944b18f32bb0f10b9078475c9dfb56b',
36 silly install resolved        tarball: 'https://registry.npmjs.org/grunt/-/grunt-1.0.1.tgz' },
36 silly install resolved     _npmOperationalInternal:
36 silly install resolved      { host: 'packages-12-west.internal.npmjs.com',
36 silly install resolved        tmp: 'tmp/grunt-1.0.1.tgz_1459880209209_0.8634267684537917' },
36 silly install resolved     directories: {},
36 silly install resolved     _resolved: 'https://registry.npmjs.org/grunt/-/grunt-1.0.1.tgz',
36 silly install resolved     readme: 'ERROR: No README data found!' } ]
37 info install grunt@1.0.1 into /usr/local/lib
38 info installOne grunt@1.0.1
39 verbose installOne of grunt to /usr/local/lib not in flight; installing
40 verbose lock using /Users/ben/.npm/_locks/grunt-3732043049c4c2bf.lock for /usr/local/lib/node_modules/grunt
41 silly install write writing grunt 1.0.1 to /usr/local/lib/node_modules/grunt
42 verbose unbuild lib/node_modules/grunt
43 info preuninstall grunt@1.0.1
44 info uninstall grunt@1.0.1
45 verbose unbuild rmStuff grunt@1.0.1 from /usr/local/lib/node_modules
46 silly gentlyRm /usr/local/bin/grunt is being gently removed
47 silly gentlyRm verifying /usr/local is an npm working directory
48 silly gentlyRm containing path /usr/local is under npm's control, in /usr/local
49 silly gentlyRm deletion target /usr/local/bin/grunt is under /usr/local
50 verbose gentlyRm vacuuming from /usr/local/bin/grunt up to /usr/local
51 info postuninstall grunt@1.0.1
52 silly gentlyRm /usr/local/lib/node_modules/grunt is being purged from base /usr/local
53 verbose gentlyRm don't care about contents; nuking /usr/local/lib/node_modules/grunt
54 silly vacuum-fs purging /usr/local/lib/node_modules/grunt
55 verbose unlock done using /Users/ben/.npm/_locks/grunt-3732043049c4c2bf.lock for /usr/local/lib/node_modules/grunt
56 verbose stack Error: EACCES: permission denied, unlink '/usr/local/lib/node_modules/grunt/CHANGELOG'
56 verbose stack     at Error (native)
57 verbose cwd /Users/ben/eFiles/valet/test-site/wp-content/plugins/php-notifier
58 error Darwin 16.3.0
59 error argv "/usr/local/bin/node" "/usr/local/bin/npm" "install" "-g" "grunt"
60 error node v4.2.1
61 error npm  v2.14.7
62 error path /usr/local/lib/node_modules/grunt/CHANGELOG
63 error code EACCES
64 error errno -13
65 error syscall unlink
66 error Error: EACCES: permission denied, unlink '/usr/local/lib/node_modules/grunt/CHANGELOG'
66 error     at Error (native)
66 error  { [Error: EACCES: permission denied, unlink '/usr/local/lib/node_modules/grunt/CHANGELOG']
66 error   errno: -13,
66 error   code: 'EACCES',
66 error   syscall: 'unlink',
66 error   path: '/usr/local/lib/node_modules/grunt/CHANGELOG' }
67 error Please try running this command again as root/Administrator.
68 verbose exit [ -13, true ]
69 verbose unbuild lib/node_modules/grunt
70 info preuninstall grunt@1.0.1
71 info uninstall grunt@1.0.1
72 verbose unbuild rmStuff grunt@1.0.1 from /usr/local/lib/node_modules
73 silly gentlyRm /usr/local/bin/grunt is being gently removed
74 silly gentlyRm verifying /usr/local is an npm working directory
75 silly gentlyRm containing path /usr/local is under npm's control, in /usr/local
76 silly gentlyRm deletion target /usr/local/bin/grunt is under /usr/local
77 verbose gentlyRm vacuuming from /usr/local/bin/grunt up to /usr/local
78 info postuninstall grunt@1.0.1
79 silly gentlyRm /usr/local/lib/node_modules/grunt is being purged from base /usr/local
80 verbose gentlyRm don't care about contents; nuking /usr/local/lib/node_modules/grunt
81 silly vacuum-fs purging /usr/local/lib/node_modules/grunt
82 error error rolling back Error: EACCES: permission denied, unlink '/usr/local/lib/node_modules/grunt/CHANGELOG'
82 error error rolling back     at Error (native)
82 error error rolling back  { [Error: EACCES: permission denied, unlink '/usr/local/lib/node_modules/grunt/CHANGELOG']
82 error error rolling back   errno: -13,
82 error error rolling back   code: 'EACCES',
82 error error rolling back   syscall: 'unlink',
82 error error rolling back   path: '/usr/local/lib/node_modules/grunt/CHANGELOG' }
